Arguments: 
  /usr/bin/node /usr/share/yarn/bin/yarn.js add -D @icodex-az/tariala-component-library@latest

PATH: 
  /home/muhammednavas/.vscode-server/bin/441438abd1ac652551dbe4d408dfcec8a499b8bf/bin/remote-cli:/usr/local/sbin:/usr/local/bin:/usr/sbin:/usr/bin:/sbin:/bin:/usr/games:/usr/local/games:/usr/lib/wsl/lib:/mnt/c/Program Files/Common Files/Oracle/Java/javapath:/mnt/c/Program Files (x86)/Common Files/Oracle/Java/javapath:/mnt/c/Windows/system32:/mnt/c/Windows:/mnt/c/Windows/System32/Wbem:/mnt/c/Windows/System32/WindowsPowerShell/v1.0/:/mnt/c/Windows/System32/OpenSSH/:/mnt/c/Program Files (x86)/NVIDIA Corporation/PhysX/Common:/mnt/c/Program Files/NVIDIA Corporation/NVIDIA NvDLISR:/mnt/c/WINDOWS/system32:/mnt/c/WINDOWS:/mnt/c/WINDOWS/System32/Wbem:/mnt/c/WINDOWS/System32/WindowsPowerShell/v1.0/:/mnt/c/WINDOWS/System32/OpenSSH/:/mnt/c/Program Files/Git/cmd:/mnt/c/ProgramData/chocolatey/bin:/mnt/c/Program Files/OpenJDK/openjdk-8u302-b08/bin:/mnt/c/flutter/bin:/mnt/c/Users/91920/AppData/Roaming/nvm:/mnt/c/Program Files/nodejs:/mnt/c/Program Files/Java/jdk-11.0.14/bin:/mnt/c/Program Files/Docker/Docker/resources/bin:/mnt/c/ProgramData/DockerDesktop/version-bin:/mnt/c/Users/91920/AppData/Local/Programs/Python/Python310/Scripts/:/mnt/c/Users/91920/AppData/Local/Programs/Python/Python310/:/mnt/c/Users/91920/AppData/Local/Microsoft/WindowsApps:/mnt/c/Users/91920/AppData/Local/Programs/Microsoft VS Code/bin:/mnt/c/Program Files/JetBrains/PyCharm Community Edition 2021.2.2/bin:/mnt/c/Users/91920/AppData/Roaming/npm:/mnt/c/Users/91920/AppData/Local/Android/Sdk/platform-tools:/mnt/c/flutter/bin:/mnt/c/dart-sdk/bin:/mnt/c/WINDOWS/System32:/mnt/c/Users/Me/AppData/Local/Android/Sdk/emulator:/mnt/c/Users/91920/AppData/Roaming/nvm:/mnt/c/Program Files/nodejs:/mnt/c/Users/91920/AppData/Local/nvs/:/mnt/c/msys64/mingw64/bin:/snap/bin

Yarn version: 
  1.22.19

Node version: 
  14.20.0

Platform: 
  linux x64

Trace: 
  Error: getaddrinfo EAI_AGAIN registry.yarnpkg.com
      at GetAddrInfoReqWrap.onlookup [as oncomplete] (dns.js:71:26)

npm manifest: 
  {
    "name": "@icodex-az/tariala-component-library",
    "version": "1.1.0",
    "main": "build/index.js",
    "module": "build/index.esm.js",
    "files": [
      "build"
    ],
    "publishConfig": {
      "registry": "https://npm.pkg.github.com/"
    },
    "types": "build/index.d.ts",
    "description": "Component library for project tariala",
    "scripts": {
      "build": "rollup -c --bundleConfigAsCjs",
      "test": "jest",
      "test:watch": "jest --watch",
      "storybook": "start-storybook -p 6006",
      "storybook:export": "build-storybook",
      "generate": "node ./util/create-component",
      "prepublishOnly": "npm run build",
      "build-storybook": "build-storybook"
    },
    "repository": {
      "type": "git",
      "url": "git+https://github.com/taraldefi/ui-library.git"
    },
    "keywords": [
      "React",
      "Component",
      "Library",
      "Rollup",
      "Typescript",
      "Sass",
      "Storybook"
    ],
    "author": "Aman Zishan",
    "license": "MIT",
    "bugs": {
      "url": "https://github.com/taraldefi/ui-library/issues"
    },
    "homepage": "https://github.com/taraldefi/ui-library#readme",
    "peerDependencies": {
      "react": ">=16.8.0",
      "react-dom": ">=16.8.0"
    },
    "devDependencies": {
      "@babel/core": "^7.20.12",
      "@rollup/plugin-commonjs": "^24.0.1",
      "@rollup/plugin-image": "^3.0.2",
      "@rollup/plugin-node-resolve": "^15.0.1",
      "@storybook/addon-actions": "^6.5.16",
      "@storybook/addon-essentials": "^6.5.16",
      "@storybook/addon-interactions": "^6.5.16",
      "@storybook/addon-links": "^6.5.16",
      "@storybook/builder-webpack4": "^6.5.16",
      "@storybook/manager-webpack4": "^6.5.16",
      "@storybook/preset-scss": "^1.0.3",
      "@storybook/react": "^6.5.16",
      "@storybook/testing-library": "^0.0.13",
      "@svgr/webpack": "^6.5.1",
      "@testing-library/jest-dom": "^5.16.5",
      "@testing-library/react": "^13.4.0",
      "@types/jest": "^29.4.0",
      "@types/react": "^18.0.27",
      "@types/react-dom": "^18.0.10",
      "autoprefixer": "^9.8.6",
      "babel-loader": "^9.1.2",
      "babel-preset-react-app": "^10.0.1",
      "colors": "^1.4.0",
      "css-loader": "5.2.6",
      "identity-obj-proxy": "^3.0.0",
      "jest": "^29.4.1",
      "jest-environment-jsdom": "^29.4.1",
      "react": "^18.2.0",
      "react-dom": "^18.2.0",
      "rollup": "^3.12.0",
      "rollup-plugin-copy": "^3.4.0",
      "rollup-plugin-peer-deps-external": "^2.2.4",
      "rollup-plugin-postcss": "^4.0.2",
      "rollup-plugin-scss": "^4.0.0",
      "rollup-plugin-svg": "^2.0.0",
      "rollup-plugin-typescript2": "^0.34.1",
      "sass": "^1.57.1",
      "sass-loader": "10.1.1",
      "style-loader": "2.0.0",
      "ts-jest": "^29.0.5",
      "typescript": "^4.9.4"
    },
    "dependencies": {
      "react-feather": "^2.0.10"
    }
  }

yarn manifest: 
  No manifest

Lockfile: 
  No lockfile
